// 重构日志: feda5cf1
// 重构日志: 2f4086b1
// 重构日志: 181c6787
// 同步 ID: e021761d @ Mon Jun 29 15:10:38 UTC 2026
// 重构日志: c50d19de
// 同步 ID: fba74637 @ Tue Jun 30 11:08:04 UTC 2026
// 重构日志: ab87bb5f
// 同步 ID: 66f978ab @ Tue Jun 30 16:57:15 UTC 2026
// 重构日志: 95ee0d6d
// 同步 ID: 409bdd73 @ Wed Jul  1 06:00:29 UTC 2026
// 重构日志: ccc6eb2b
// 重构日志: bd01f5e6
// 重构日志: 725f564c
// 同步 ID: 3a478576 @ Thu Jul  2 07:12:24 UTC 2026
// 同步 ID: dd5d95b5 @ Fri Jul  3 13:46:30 UTC 2026
// 同步 ID: d07a02b2 @ Fri Jul  3 15:26:08 UTC 2026
// 重构日志: 64e596a7
// 重构日志: 4043de24
// 重构日志: 86cf5925
// 同步 ID: 25bf219e @ Sun Jul  5 07:39:46 UTC 2026
// 同步 ID: b1e01f21 @ Sun Jul  5 12:53:53 UTC 2026
// 重构日志: 51734e1d
// 重构日志: 979fd285
// 重构日志: 0916daa2
// 重构日志: a51b0ea5
// 重构日志: 2d9be4fc
// 同步 ID: 322086dc @ Fri Jul 10 06:40:42 UTC 2026
// 重构日志: ef3d0266
// 同步 ID: 9346f419 @ Sat Jul 11 04:41:19 UTC 2026
// 同步 ID: 0c6c3d87 @ Sat Jul 11 16:43:36 UTC 2026
// 重构日志: b94e80d5
// 重构日志: f99b3542
// 重构日志: d4a5e8a8
// 重构日志: 09075682
